
> ex-app@0.0.0 start /Users/oubunfei/dev/node/ex-app
> node ./bin/www

[0mGET / [36m304 [0m30.423 ms - -[0m
[0mGET /stylesheets/style.css [36m304 [0m5.649 ms - -[0m
[0mGET / [36m304 [0m2.724 ms - -[0m
[0mGET /stylesheets/style.css [36m304 [0m0.606 ms - -[0m
[0mGET / [36m304 [0m1.821 ms - -[0m
[0mGET /stylesheets/style.css [36m304 [0m0.370 ms - -[0m
[0mGET / [36m304 [0m2.890 ms - -[0m
[0mGET /stylesheets/style.css [36m304 [0m0.323 ms - -[0m
[0mGET / [36m304 [0m1.007 ms - -[0m
[0mGET /stylesheets/style.css [36m304 [0m0.382 ms - -[0m
[0mGET / [36m304 [0m0.926 ms - -[0m
[0mGET /stylesheets/style.css [36m304 [0m0.907 ms - -[0m
[0mGET / [36m304 [0m4.107 ms - -[0m
[0mGET /stylesheets/style.css [36m304 [0m0.968 ms - -[0m
[0mGET / [36m304 [0m0.837 ms - -[0m
[0mGET /stylesheets/style.css [36m304 [0m0.311 ms - -[0m
[0mGET / [36m304 [0m1.409 ms - -[0m
[0mGET /stylesheets/style.css [36m304 [0m0.295 ms - -[0m
[0mGET / [36m304 [0m1.390 ms - -[0m
[0mGET /stylesheets/style.css [36m304 [0m0.464 ms - -[0m
[0mGET / [36m304 [0m1.218 ms - -[0m
[0mGET / [36m304 [0m1.343 ms - -[0m
[0mGET /stylesheets/style.css [36m304 [0m0.825 ms - -[0m
[0mGET / [36m304 [0m1.353 ms - -[0m
[0mGET /stylesheets/style.css [36m304 [0m0.768 ms - -[0m
[0mGET / [36m304 [0m1.017 ms - -[0m
[0mGET / [36m304 [0m0.814 ms - -[0m
[0mGET /stylesheets/style.css [36m304 [0m1.499 ms - -[0m
[0mGET / [36m304 [0m0.787 ms - -[0m
[0mGET /stylesheets/style.css [36m304 [0m0.416 ms - -[0m
[0mGET / [36m304 [0m1.071 ms - -[0m
[0mGET /stylesheets/style.css [36m304 [0m0.303 ms - -[0m
[0mGET / [36m304 [0m2.032 ms - -[0m
[0mGET /stylesheets/style.css [36m304 [0m0.393 ms - -[0m
[0mGET / [36m304 [0m3.306 ms - -[0m
[0mGET / [36m304 [0m1.294 ms - -[0m
[0mGET /stylesheets/style.css [36m304 [0m1.008 ms - -[0m
[0mGET / [36m304 [0m0.749 ms - -[0m
[0mGET /stylesheets/style.css [36m304 [0m0.332 ms - -[0m
[0mGET / [36m304 [0m1.227 ms - -[0m
[0mGET /stylesheets/style.css [36m304 [0m0.331 ms - -[0m
[0mGET / [36m304 [0m2.008 ms - -[0m
[0mGET /stylesheets/style.css [36m304 [0m0.416 ms - -[0m
[0mGET /asdas [33m404 [0m3.837 ms - 1006[0m
[0mGET /asdas/12312 [33m404 [0m1.477 ms - 1006[0m
[0mGET /asdas/12312 [33m404 [0m1.855 ms - 1006[0m
[0mGET /asdas/12312 [33m404 [0m1.022 ms - 1006[0m
[0mGET /asdas/12312 [33m404 [0m1.505 ms - 1006[0m
[0mGET /asdas/12312 [33m404 [0m1.711 ms - 1006[0m

> ex-app@0.0.0 start /Users/oubunfei/dev/node/ex-app
> node ./bin/www

[0mGET /asdas/12312 [33m404 [0m25.231 ms - 1006[0m
[0mGET /asdas/12312 [33m404 [0m2.889 ms - 1006[0m
[0mGET /asdas/12312 [33m404 [0m2.263 ms - 1006[0m
[0mGET / [36m304 [0m2.455 ms - -[0m
[0mGET /stylesheets/style.css [36m304 [0m2.447 ms - -[0m
[0mGET / [36m304 [0m1.267 ms - -[0m
[0mGET /stylesheets/style.css [36m304 [0m0.543 ms - -[0m
[0mGET / [36m304 [0m1.445 ms - -[0m
[0mGET /stylesheets/style.css [36m304 [0m0.473 ms - -[0m
[0mGET / [36m304 [0m0.886 ms - -[0m
[0mGET /stylesheets/style.css [36m304 [0m0.351 ms - -[0m
[0mGET / [36m304 [0m5.197 ms - -[0m
[0mGET /stylesheets/style.css [36m304 [0m0.343 ms - -[0m
[0mGET / [36m304 [0m0.905 ms - -[0m
[0mGET /stylesheets/style.css [36m304 [0m0.307 ms - -[0m
[0mGET / [36m304 [0m3.519 ms - -[0m
[0mGET /stylesheets/style.css [36m304 [0m0.505 ms - -[0m
